#-----------------------------------------------------------
# Webtalk v2018.2 (64-bit)
# SW Build 2258646 on Thu Jun 14 20:03:12 MDT 2018
# 
# Start of session at: Thu Jun  1 08:15:56 2023
# Process ID: 4708
# Current directory: C:/Users/speqtral/XilinxVivado/Cmod-s7-uart-hello-world/Cmod-s7-uart-hello-world.sdk/webtalk
# Command line: wbtcv.exe -mode batch -source sdk_webtalk.tcl
# Log file: C:/Users/speqtral/XilinxVivado/Cmod-s7-uart-hello-world/Cmod-s7-uart-hello-world.sdk/webtalk/webtalk.log
# Journal file: C:/Users/speqtral/XilinxVivado/Cmod-s7-uart-hello-world/Cmod-s7-uart-hello-world.sdk/webtalk\webtalk.jou
#-----------------------------------------------------------
source sdk_webtalk.tcl
# webtalk_init -webtalk_dir C:\\Users\\speqtral\\XilinxVivado\\Cmod-s7-uart-hello-world\\Cmod-s7-uart-hello-world.sdk\\webtalk
# webtalk_register_client -client project
# webtalk_add_data -client project -key date_generated -value "2023-06-01 08:15:55" -context "software_version_and_target_device"
# webtalk_add_data -client project -key product_version -value "SDK v2018.2" -context "software_version_and_target_device"
# webtalk_add_data -client project -key build_version -value "2018.2" -context "software_version_and_target_device"
# webtalk_add_data -client project -key os_platform -value "amd64" -context "software_version_and_target_device"
# webtalk_add_data -client project -key registration_id -value "" -context "software_version_and_target_device"
# webtalk_add_data -client project -key tool_flow -value "SDK" -context "software_version_and_target_device"
# webtalk_add_data -client project -key beta -value "false" -context "software_version_and_target_device"
# webtalk_add_data -client project -key route_design -value "NA" -context "software_version_and_target_device"
# webtalk_add_data -client project -key target_family -value "NA" -context "software_version_and_target_device"
# webtalk_add_data -client project -key target_device -value "NA" -context "software_version_and_target_device"
# webtalk_add_data -client project -key target_package -value "NA" -context "software_version_and_target_device"
# webtalk_add_data -client project -key target_speed -value "NA" -context "software_version_and_target_device"
# webtalk_add_data -client project -key random_id -value "95dcur4icgqul9tocheic0idlf" -context "software_version_and_target_device"
# webtalk_add_data -client project -key project_id -value "2018.2_3" -context "software_version_and_target_device"
# webtalk_add_data -client project -key project_iteration -value "3" -context "software_version_and_target_device"
# webtalk_add_data -client project -key os_name -value "Microsoft Windows 8 or later , 64-bit" -context "user_environment"
# webtalk_add_data -client project -key os_release -value "major release  (build 9200)" -context "user_environment"
# webtalk_add_data -client project -key cpu_name -value "12th Gen Intel(R) Core(TM) i9-12900HK" -context "user_environment"
# webtalk_add_data -client project -key cpu_speed -value "2918 MHz" -context "user_environment"
# webtalk_add_data -client project -key total_processors -value "1" -context "user_environment"
# webtalk_add_data -client project -key system_ram -value "68.375 GB" -context "user_environment"
# webtalk_register_client -client sdk
# webtalk_add_data -client sdk -key uid -value "1685577368962" -context "sdk\\\\bsp/1685577368962"
# webtalk_add_data -client sdk -key hwid -value "1685574781936" -context "sdk\\\\bsp/1685577368962"
# webtalk_add_data -client sdk -key os -value "standalone" -context "sdk\\\\bsp/1685577368962"
# webtalk_add_data -client sdk -key apptemplate -value "hello_world" -context "sdk\\\\bsp/1685577368962"
# webtalk_add_data -client sdk -key RecordType -value "BSPCreation" -context "sdk\\\\bsp/1685577368962"
# webtalk_add_data -client sdk -key uid -value "1685577369903" -context "sdk\\\\application/1685577369903"
# webtalk_add_data -client sdk -key hwid -value "1685574781936" -context "sdk\\\\application/1685577369903"
# webtalk_add_data -client sdk -key bspid -value "1685577368962" -context "sdk\\\\application/1685577369903"
# webtalk_add_data -client sdk -key newbsp -value "true" -context "sdk\\\\application/1685577369903"
# webtalk_add_data -client sdk -key os -value "standalone" -context "sdk\\\\application/1685577369903"
# webtalk_add_data -client sdk -key apptemplate -value "hello_world" -context "sdk\\\\application/1685577369903"
# webtalk_add_data -client sdk -key RecordType -value "APPCreation" -context "sdk\\\\application/1685577369903"
# webtalk_add_data -client sdk -key LangUsed -value "C" -context "sdk\\\\application/1685577369903"
# webtalk_add_data -client sdk -key Procused -value "microblaze" -context "sdk\\\\application/1685577369903"
# webtalk_add_data -client sdk -key projSize -value "92.1328125" -context "sdk\\\\application/1685577369903"
# webtalk_add_data -client sdk -key uid -value "NA" -context "sdk\\\\bsp/1685578555444"
# webtalk_add_data -client sdk -key RecordType -value "ToolUsage" -context "sdk\\\\bsp/1685578555444"
# webtalk_add_data -client sdk -key BootgenCount -value "0" -context "sdk\\\\bsp/1685578555444"
# webtalk_add_data -client sdk -key DebugCount -value "1" -context "sdk\\\\bsp/1685578555444"
# webtalk_add_data -client sdk -key PerfCount -value "0" -context "sdk\\\\bsp/1685578555444"
# webtalk_add_data -client sdk -key FlashCount -value "0" -context "sdk\\\\bsp/1685578555444"
# webtalk_add_data -client sdk -key CrossTriggCount -value "0" -context "sdk\\\\bsp/1685578555444"
# webtalk_add_data -client sdk -key QemuDebugCount -value "0" -context "sdk\\\\bsp/1685578555444"
# webtalk_transmit -clientid 1428601657 -regid "" -xml C:\\Users\\speqtral\\XilinxVivado\\Cmod-s7-uart-hello-world\\Cmod-s7-uart-hello-world.sdk\\webtalk\\usage_statistics_ext_sdk.xml -html C:\\Users\\speqtral\\XilinxVivado\\Cmod-s7-uart-hello-world\\Cmod-s7-uart-hello-world.sdk\\webtalk\\usage_statistics_ext_sdk.html -wdm C:\\Users\\speqtral\\XilinxVivado\\Cmod-s7-uart-hello-world\\Cmod-s7-uart-hello-world.sdk\\webtalk\\sdk_webtalk.wdm -intro "<H3>SDK Usage Report</H3><BR>"
# webtalk_terminate
INFO: [Common 17-206] Exiting Webtalk at Thu Jun  1 08:15:57 2023...
