#-----------------------------------------------------------
# Webtalk v2018.2 (64-bit)
# SW Build 2258646 on Thu Jun 14 20:03:12 MDT 2018
# 
# Start of session at: Thu Jun  1 08:24:13 2023
# Process ID: 32392
# Current directory: C:/Users/speqtral/XilinxVivado/Cmod-s7-uart-hello-world/Cmod-s7-uart-hello-world.sdk/webtalk
# Command line: wbtcv.exe -mode batch -source sdk_webtalk.tcl
# Log file: C:/Users/speqtral/XilinxVivado/Cmod-s7-uart-hello-world/Cmod-s7-uart-hello-world.sdk/webtalk/webtalk.log
# Journal file: C:/Users/speqtral/XilinxVivado/Cmod-s7-uart-hello-world/Cmod-s7-uart-hello-world.sdk/webtalk\webtalk.jou
#-----------------------------------------------------------
source sdk_webtalk.tcl
# webtalk_init -webtalk_dir C:\\Users\\speqtral\\XilinxVivado\\Cmod-s7-uart-hello-world\\Cmod-s7-uart-hello-world.sdk\\webtalk
# webtalk_register_client -client project
# webtalk_add_data -client project -key date_generated -value "2023-06-01 08:24:12" -context "software_version_and_target_device"
# webtalk_add_data -client project -key product_version -value "SDK v2018.2" -context "software_version_and_target_device"
# webtalk_add_data -client project -key build_version -value "2018.2" -context "software_version_and_target_device"
# webtalk_add_data -client project -key os_platform -value "amd64" -context "software_version_and_target_device"
# webtalk_add_data -client project -key registration_id -value "" -context "software_version_and_target_device"
# webtalk_add_data -client project -key tool_flow -value "SDK" -context "software_version_and_target_device"
# webtalk_add_data -client project -key beta -value "false" -context "software_version_and_target_device"
# webtalk_add_data -client project -key route_design -value "NA" -context "software_version_and_target_device"
# webtalk_add_data -client project -key target_family -value "NA" -context "software_version_and_target_device"
# webtalk_add_data -client project -key target_device -value "NA" -context "software_version_and_target_device"
# webtalk_add_data -client project -key target_package -value "NA" -context "software_version_and_target_device"
# webtalk_add_data -client project -key target_speed -value "NA" -context "software_version_and_target_device"
# webtalk_add_data -client project -key random_id -value "ai02nk0bk10bkj54c8dir2ul0a" -context "software_version_and_target_device"
# webtalk_add_data -client project -key project_id -value "2018.2_4" -context "software_version_and_target_device"
# webtalk_add_data -client project -key project_iteration -value "4" -context "software_version_and_target_device"
# webtalk_add_data -client project -key os_name -value "Microsoft Windows 8 or later , 64-bit" -context "user_environment"
# webtalk_add_data -client project -key os_release -value "major release  (build 9200)" -context "user_environment"
# webtalk_add_data -client project -key cpu_name -value "12th Gen Intel(R) Core(TM) i9-12900HK" -context "user_environment"
# webtalk_add_data -client project -key cpu_speed -value "2918 MHz" -context "user_environment"
# webtalk_add_data -client project -key total_processors -value "1" -context "user_environment"
# webtalk_add_data -client project -key system_ram -value "68.375 GB" -context "user_environment"
# webtalk_register_client -client sdk
# webtalk_add_data -client sdk -key uid -value "1685578570740" -context "sdk\\\\hardware/1685578570740"
# webtalk_add_data -client sdk -key isZynq -value "false" -context "sdk\\\\hardware/1685578570740"
# webtalk_add_data -client sdk -key isZynqMP -value "false" -context "sdk\\\\hardware/1685578570740"
# webtalk_add_data -client sdk -key Processors -value "1" -context "sdk\\\\hardware/1685578570740"
# webtalk_add_data -client sdk -key VivadoVersion -value "2018.2" -context "sdk\\\\hardware/1685578570740"
# webtalk_add_data -client sdk -key Arch -value "spartan7" -context "sdk\\\\hardware/1685578570740"
# webtalk_add_data -client sdk -key Device -value "7s25" -context "sdk\\\\hardware/1685578570740"
# webtalk_add_data -client sdk -key IsHandoff -value "true" -context "sdk\\\\hardware/1685578570740"
# webtalk_add_data -client sdk -key os -value "NA" -context "sdk\\\\hardware/1685578570740"
# webtalk_add_data -client sdk -key apptemplate -value "NA" -context "sdk\\\\hardware/1685578570740"
# webtalk_add_data -client sdk -key RecordType -value "HWCreation" -context "sdk\\\\hardware/1685578570740"
# webtalk_add_data -client sdk -key uid -value "NA" -context "sdk\\\\bsp/1685579052256"
# webtalk_add_data -client sdk -key RecordType -value "ToolUsage" -context "sdk\\\\bsp/1685579052256"
# webtalk_add_data -client sdk -key BootgenCount -value "0" -context "sdk\\\\bsp/1685579052256"
# webtalk_add_data -client sdk -key DebugCount -value "0" -context "sdk\\\\bsp/1685579052256"
# webtalk_add_data -client sdk -key PerfCount -value "0" -context "sdk\\\\bsp/1685579052256"
# webtalk_add_data -client sdk -key FlashCount -value "0" -context "sdk\\\\bsp/1685579052256"
# webtalk_add_data -client sdk -key CrossTriggCount -value "0" -context "sdk\\\\bsp/1685579052256"
# webtalk_add_data -client sdk -key QemuDebugCount -value "0" -context "sdk\\\\bsp/1685579052256"
# webtalk_transmit -clientid 3899900089 -regid "" -xml C:\\Users\\speqtral\\XilinxVivado\\Cmod-s7-uart-hello-world\\Cmod-s7-uart-hello-world.sdk\\webtalk\\usage_statistics_ext_sdk.xml -html C:\\Users\\speqtral\\XilinxVivado\\Cmod-s7-uart-hello-world\\Cmod-s7-uart-hello-world.sdk\\webtalk\\usage_statistics_ext_sdk.html -wdm C:\\Users\\speqtral\\XilinxVivado\\Cmod-s7-uart-hello-world\\Cmod-s7-uart-hello-world.sdk\\webtalk\\sdk_webtalk.wdm -intro "<H3>SDK Usage Report</H3><BR>"
# webtalk_terminate
INFO: [Common 17-206] Exiting Webtalk at Thu Jun  1 08:24:13 2023...
